This is e-pTeX, Version 3.14159265-p3.8.2-190709-2.6 (utf8.sjis) (TeX Live 2019/W32TeX) (preloaded format=platex 2019.7.20)  13 OCT 2020 17:22
entering extended mode
 restricted \write18 enabled.
 %&-line parsing enabled.
**"e:/OneDrive - 岡山大学/3年次/3学期/実験B/report/4/rep"
(e:/OneDrive - 岡山大学/3年次/3学期/実験B/report/4/rep.tex
pLaTeX2e <2019-04-06> (based on LaTeX2e <2018-12-01>)
(d:/app/w32tex/share/texmf-dist/tex/platex/base/jarticle.cls
Document Class: jarticle 2019/04/02 v1.8b Standard pLaTeX class
\c@@paper=\count83
(d:/app/w32tex/share/texmf-dist/tex/platex/base/jsize11.clo
File: jsize11.clo 2019/04/02 v1.8b Standard pLaTeX file (size option)
)
\c@part=\count84
\c@section=\count85
\c@subsection=\count86
\c@subsubsection=\count87
\c@paragraph=\count88
\c@subparagraph=\count89
\c@figure=\count90
\c@table=\count91
\abovecaptionskip=\skip41
\belowcaptionskip=\skip42
\symmincho=\mathgroup4
LaTeX Font Info:    Overwriting symbol font `mincho' in version `bold'
(Font)                  JY1/mc/m/n --> JY1/gt/m/n on input line 614.
\toclineskip=\dimen118
\@lnumwidth=\dimen119
\bibindent=\dimen120
\heisei=\count92
) (d:/app/w32tex/share/texmf-dist/tex/latex/graphics/graphicx.sty
Package: graphicx 2017/06/01 v1.1a Enhanced LaTeX Graphics (DPC,SPQR)
 (d:/app/w32tex/share/texmf-dist/tex/latex/graphics/keyval.sty
Package: keyval 2014/10/28 v1.15 key=value parser (DPC)
\KV@toks@=\toks15
) (d:/app/w32tex/share/texmf-dist/tex/latex/graphics/graphics.sty
Package: graphics 2017/06/25 v1.2c Standard LaTeX Graphics (DPC,SPQR)
 (d:/app/w32tex/share/texmf-dist/tex/latex/graphics/trig.sty
Package: trig 2016/01/03 v1.10 sin cos tan (DPC)
) (d:/app/w32tex/share/texmf-dist/tex/latex/graphics-cfg/graphics.cfg
File: graphics.cfg 2016/06/04 v1.11 sample graphics configuration
)
Package graphics Info: Driver file: dvipdfmx.def on input line 99.
 (d:/app/w32tex/share/texmf-dist/tex/latex/graphics-def/dvipdfmx.def
File: dvipdfmx.def 2017/06/24 v5.0g Graphics/color driver for dvipdfmx
))
\Gin@req@height=\dimen121
\Gin@req@width=\dimen122
) (./rep.aux)
\openout1 = `rep.aux'.

LaTeX Font Info:    Checking defaults for OML/cmm/m/it on input line 8.
LaTeX Font Info:    ... okay on input line 8.
LaTeX Font Info:    Checking defaults for T1/cmr/m/n on input line 8.
LaTeX Font Info:    ... okay on input line 8.
LaTeX Font Info:    Checking defaults for OT1/cmr/m/n on input line 8.
LaTeX Font Info:    ... okay on input line 8.
LaTeX Font Info:    Checking defaults for OMS/cmsy/m/n on input line 8.
LaTeX Font Info:    ... okay on input line 8.
LaTeX Font Info:    Checking defaults for OMX/cmex/m/n on input line 8.
LaTeX Font Info:    ... okay on input line 8.
LaTeX Font Info:    Checking defaults for U/cmr/m/n on input line 8.
LaTeX Font Info:    ... okay on input line 8.
LaTeX Font Info:    Checking defaults for JY1/mc/m/n on input line 8.
LaTeX Font Info:    ... okay on input line 8.
LaTeX Font Info:    Checking defaults for JT1/mc/m/n on input line 8.
LaTeX Font Info:    ... okay on input line 8.
LaTeX Font Info:    External font `cmex10' loaded for size
(Font)              <12> on input line 13.
LaTeX Font Info:    External font `cmex10' loaded for size
(Font)              <8> on input line 13.
LaTeX Font Info:    External font `cmex10' loaded for size
(Font)              <6> on input line 13.
LaTeX Font Info:    Font shape `JT1/mc/bx/n' in size <14.4> not available
(Font)              Font shape `JT1/gt/m/n' tried instead on input line 15.
LaTeX Font Info:    Font shape `JY1/mc/bx/n' in size <14.4> not available
(Font)              Font shape `JY1/gt/m/n' tried instead on input line 15.
LaTeX Font Info:    External font `cmex10' loaded for size
(Font)              <10.95> on input line 22.
File: out1.jpg Graphic file (type bmp)
<out1.jpg>
 [1

] [2]
File: out1.jpg Graphic file (type bmp)
<out1.jpg>
 [3]
File: mae.jpg Graphic file (type bmp)
<mae.jpg>
File: out2.jpg Graphic file (type bmp)
<out2.jpg>

Overfull \hbox (2.43333pt too wide) in paragraph at lines 116--128
[][]$[]$[] []$[]$[] 
 []

File: w0.jpg Graphic file (type bmp)
<w0.jpg>
File: w1.jpg Graphic file (type bmp)
<w1.jpg>

Overfull \hbox (2.43333pt too wide) in paragraph at lines 143--154
[][]$[]$[] []$[]$[] 
 []

File: w2.jpg Graphic file (type bmp)
<w2.jpg>
File: w3.jpg Graphic file (type bmp)
<w3.jpg>

Overfull \hbox (2.43333pt too wide) in paragraph at lines 156--166
[][]$[]$[] []$[]$[] 
 []

File: w4.jpg Graphic file (type bmp)
<w4.jpg>
File: w5.jpg Graphic file (type bmp)
<w5.jpg>

Overfull \hbox (2.43333pt too wide) in paragraph at lines 168--178
[][]$[]$[] []$[]$[] 
 []

File: w6.jpg Graphic file (type bmp)
<w6.jpg>
File: w7.jpg Graphic file (type bmp)
<w7.jpg>

Overfull \hbox (2.43333pt too wide) in paragraph at lines 180--190
[][]$[]$[] []$[]$[] 
 []

File: w8.jpg Graphic file (type bmp)
<w8.jpg>
File: w9.jpg Graphic file (type bmp)
<w9.jpg>

Overfull \hbox (2.43333pt too wide) in paragraph at lines 192--202
[][]$[]$[] []$[]$[] 
 []

File: w10.jpg Graphic file (type bmp)
<w10.jpg>
[4] [5] [6] [7] [8] (./rep.aux) ) 
Here is how much of TeX's memory you used:
 738 strings out of 493215
 9188 string characters out of 6145920
 77280 words of memory out of 5000000
 4753 multiletter control sequences out of 15000+600000
 14635 words of font info for 57 fonts, out of 8000000 for 9000
 929 hyphenation exceptions out of 8191
 25i,8n,21p,228b,331s stack positions out of 5000i,500n,10000p,500000b,80000s

Output written on rep.dvi (8 pages, 8712 bytes).
